2025-02-25 12:44:28,398 - INFO - Iniciando descarga histórica para de (DE-LU) desde 2016-01-01 hasta 2025-02-25
2025-02-25 12:44:28,398 - INFO - Descargando datos desde 2016-01-01 hasta 2016-01-08...
2025-02-25 12:44:29,525 - INFO - Error en la solicitud (500): Internal Server Error
2025-02-25 12:44:29,525 - INFO - No se recibió información válida.
2025-02-25 12:44:29,525 - INFO - Esperando 5 segundos antes de la siguiente solicitud...
2025-02-25 12:46:14,309 - INFO - Iniciando descarga histórica para de (DE-LU) desde 2016-01-01 hasta 2025-02-25
2025-02-25 12:46:14,309 - INFO - Descargando datos desde 2016-01-01 hasta 2016-01-08...
2025-02-25 12:46:15,511 - INFO - Error 500 en la solicitud (2016-01-01 - 2016-01-08). Reintentando (1/3)...
2025-02-25 12:46:26,672 - INFO - Error 500 en la solicitud (2016-01-01 - 2016-01-08). Reintentando (2/3)...
2025-02-25 12:48:16,977 - INFO - Iniciando descarga histórica para de (DE-LU) desde 2016-01-01 hasta 2025-02-25
2025-02-25 12:48:16,977 - INFO - Descargando datos desde 2016-01-01 hasta 2016-01-08...
2025-02-25 12:48:16,977 - INFO - Petición API: curl -X GET "https://api.energy-charts.info/price?bzn=DE-LU&start=2016-01-01&end=2016-01-08"
2025-02-25 12:48:18,291 - INFO - Respuesta HTTP 500: Internal Server Error
2025-02-25 12:48:18,291 - INFO - Error 500 en la solicitud (2016-01-01 - 2016-01-08). Reintentando (1/3)...
2025-02-25 12:57:47,707 - INFO - Iniciando descarga histórica para ro (RO) desde 2015-01-01 hasta 2025-02-25
2025-02-25 12:57:47,707 - INFO - Descargando datos desde 2015-01-01 hasta 2015-01-08...
2025-02-25 12:57:47,707 - INFO - Petición API: curl -X GET "https://api.energy-charts.info/price?bzn=RO&start=2015-01-01&end=2015-01-08"
2025-02-25 12:57:48,803 - INFO - Respuesta HTTP 200: {"license_info":"The data provided herein is for private and internal use only. The utilization of any data, whether in its raw or derived form, for external or commercial purposes is expressly prohibited. Should you require licensing for market-related data, please direct your inquiries to the original data providers, including but not limited to EPEX SPOT SE.","unix_seconds":[1420070400,1420074000,1420077600,1420081200,1420084800,1420088400,1420092000,1420095600,1420099200,1420102800,142010640
2025-02-25 13:02:10,271 - INFO - Iniciando descarga histórica para ro (RO) desde 2015-01-01 hasta 2025-02-25
2025-02-25 13:02:10,272 - INFO - Descargando datos desde 2015-01-01 hasta 2015-01-08...
2025-02-25 13:02:10,272 - INFO - Petición API: curl -X GET "https://api.energy-charts.info/price?bzn=RO&start=2015-01-01&end=2015-01-08" -H "User-Agent: Mozilla/5.0 (Windows NT 10.0; Win64; x64) AppleWebKit/537.36 (KHTML, like Gecko) Chrome/110.0.0.0 Safari/537.36" -H "Referer: https://www.api.energy-charts.info/" -H "Origin: https://www.api.energy-charts.info"
2025-02-25 13:02:11,270 - INFO - Respuesta HTTP 200: {"license_info":"The data provided herein is for private and internal use only. The utilization of any data, whether in its raw or derived form, for external or commercial purposes is expressly prohibited. Should you require licensing for market-related data, please direct your inquiries to the original data providers, including but not limited to EPEX SPOT SE.","unix_seconds":[1420070400,1420074000,1420077600,1420081200,1420084800,1420088400,1420092000,1420095600,1420099200,1420102800,142010640
2025-02-25 13:02:31,834 - INFO - Iniciando descarga histórica para ro (RO) desde 2015-01-01 hasta 2025-02-25
2025-02-25 13:02:31,834 - INFO - Descargando datos desde 2015-01-01 hasta 2015-01-08...
2025-02-25 13:02:31,834 - INFO - Petición API: curl -X GET "https://api.energy-charts.info/price?bzn=RO&start=2015-01-01&end=2015-01-08" -H "User-Agent: Mozilla/5.0 (Windows NT 10.0; Win64; x64) AppleWebKit/537.36 (KHTML, like Gecko) Chrome/110.0.0.0 Safari/537.36" -H "Referer: https://www.api.energy-charts.info/" -H "Origin: https://www.api.energy-charts.info"
2025-02-25 13:02:33,389 - INFO - Respuesta HTTP 200: {"license_info":"The data provided herein is for private and internal use only. The utilization of any data, whether in its raw or derived form, for external or commercial purposes is expressly prohibited. Should you require licensing for market-related data, please direct your inquiries to the original data providers, including but not limited to EPEX SPOT SE.","unix_seconds":[1420070400,1420074000,1420077600,1420081200,1420084800,1420088400,1420092000,1420095600,1420099200,1420102800,142010640
