2025-02-25 16:24:13,568 - INFO - Iniciando descarga hist贸rica de datos meteorol贸gicos...
2025-02-25 16:24:13,570 - INFO - Descargando datos meteorol贸gicos desde 2015-01-01 hasta 2015-01-31...
2025-02-25 16:24:14,626 - INFO - 744 registros meteorol贸gicos insertados en MongoDB.
2025-02-25 16:24:14,626 - INFO - Esperando 10 segundos antes de la pr贸xima solicitud...
2025-02-25 16:24:24,627 - INFO - Descargando datos meteorol贸gicos desde 2015-02-01 hasta 2015-03-03...
2025-02-25 16:24:25,753 - INFO - 744 registros meteorol贸gicos insertados en MongoDB.
2025-02-25 16:24:25,754 - INFO - Esperando 10 segundos antes de la pr贸xima solicitud...
2025-02-25 16:24:35,754 - INFO - Descargando datos meteorol贸gicos desde 2015-03-04 hasta 2015-04-03...
2025-02-25 16:24:36,832 - INFO - 744 registros meteorol贸gicos insertados en MongoDB.
2025-02-25 16:24:36,832 - INFO - Esperando 10 segundos antes de la pr贸xima solicitud...
2025-02-25 16:24:46,833 - INFO - Descargando datos meteorol贸gicos desde 2015-04-04 hasta 2015-05-04...
2025-02-25 16:24:48,201 - INFO - 744 registros meteorol贸gicos insertados en MongoDB.
2025-02-25 16:24:48,202 - INFO - Esperando 10 segundos antes de la pr贸xima solicitud...
2025-02-25 16:24:58,202 - INFO - Descargando datos meteorol贸gicos desde 2015-05-05 hasta 2015-06-04...
2025-02-25 16:24:59,456 - INFO - 744 registros meteorol贸gicos insertados en MongoDB.
2025-02-25 16:24:59,456 - INFO - Esperando 10 segundos antes de la pr贸xima solicitud...
2025-02-25 16:25:09,457 - INFO - Descargando datos meteorol贸gicos desde 2015-06-05 hasta 2015-07-05...
2025-02-25 16:25:10,409 - INFO - 744 registros meteorol贸gicos insertados en MongoDB.
2025-02-25 16:25:10,409 - INFO - Esperando 10 segundos antes de la pr贸xima solicitud...
2025-02-25 16:25:20,409 - INFO - Descargando datos meteorol贸gicos desde 2015-07-06 hasta 2015-08-05...
2025-02-25 16:25:21,147 - INFO - 744 registros meteorol贸gicos insertados en MongoDB.
2025-02-25 16:25:21,147 - INFO - Esperando 10 segundos antes de la pr贸xima solicitud...
2025-02-25 16:25:31,147 - INFO - Descargando datos meteorol贸gicos desde 2015-08-06 hasta 2015-09-05...
2025-02-25 16:25:32,545 - INFO - 744 registros meteorol贸gicos insertados en MongoDB.
2025-02-25 16:25:32,545 - INFO - Esperando 10 segundos antes de la pr贸xima solicitud...
2025-02-25 16:25:42,546 - INFO - Descargando datos meteorol贸gicos desde 2015-09-06 hasta 2015-10-06...
2025-02-25 16:25:43,880 - INFO - 744 registros meteorol贸gicos insertados en MongoDB.
2025-02-25 16:25:43,880 - INFO - Esperando 10 segundos antes de la pr贸xima solicitud...
2025-02-25 16:25:53,880 - INFO - Descargando datos meteorol贸gicos desde 2015-10-07 hasta 2015-11-06...
2025-02-25 16:25:55,073 - INFO - 744 registros meteorol贸gicos insertados en MongoDB.
2025-02-25 16:25:55,073 - INFO - Esperando 10 segundos antes de la pr贸xima solicitud...
2025-02-25 16:26:05,073 - INFO - Descargando datos meteorol贸gicos desde 2015-11-07 hasta 2015-12-07...
2025-02-25 16:26:06,431 - INFO - 744 registros meteorol贸gicos insertados en MongoDB.
2025-02-25 16:26:06,431 - INFO - Esperando 10 segundos antes de la pr贸xima solicitud...
2025-02-25 16:26:16,431 - INFO - Descargando datos meteorol贸gicos desde 2015-12-08 hasta 2016-01-07...
2025-02-25 16:26:17,702 - INFO - 744 registros meteorol贸gicos insertados en MongoDB.
2025-02-25 16:26:17,702 - INFO - Esperando 10 segundos antes de la pr贸xima solicitud...
2025-02-25 16:26:27,702 - INFO - Descargando datos meteorol贸gicos desde 2016-01-08 hasta 2016-02-07...
2025-02-25 16:26:28,763 - INFO - 744 registros meteorol贸gicos insertados en MongoDB.
2025-02-25 16:26:28,763 - INFO - Esperando 10 segundos antes de la pr贸xima solicitud...
2025-02-25 16:26:38,764 - INFO - Descargando datos meteorol贸gicos desde 2016-02-08 hasta 2016-03-09...
2025-02-25 16:26:40,132 - INFO - 744 registros meteorol贸gicos insertados en MongoDB.
2025-02-25 16:26:40,132 - INFO - Esperando 10 segundos antes de la pr贸xima solicitud...
2025-02-25 16:26:50,133 - INFO - Descargando datos meteorol贸gicos desde 2016-03-10 hasta 2016-04-09...
2025-02-25 16:26:51,219 - INFO - 744 registros meteorol贸gicos insertados en MongoDB.
2025-02-25 16:26:51,220 - INFO - Esperando 10 segundos antes de la pr贸xima solicitud...
2025-02-25 16:27:01,220 - INFO - Descargando datos meteorol贸gicos desde 2016-04-10 hasta 2016-05-10...
2025-02-25 16:27:01,923 - INFO - 744 registros meteorol贸gicos insertados en MongoDB.
2025-02-25 16:27:01,923 - INFO - Esperando 10 segundos antes de la pr贸xima solicitud...
2025-02-25 16:27:11,924 - INFO - Descargando datos meteorol贸gicos desde 2016-05-11 hasta 2016-06-10...
2025-02-25 16:27:13,413 - INFO - 744 registros meteorol贸gicos insertados en MongoDB.
2025-02-25 16:27:13,413 - INFO - Esperando 10 segundos antes de la pr贸xima solicitud...
2025-02-25 16:27:23,414 - INFO - Descargando datos meteorol贸gicos desde 2016-06-11 hasta 2016-07-11...
2025-02-25 16:27:24,470 - INFO - 744 registros meteorol贸gicos insertados en MongoDB.
2025-02-25 16:27:24,471 - INFO - Esperando 10 segundos antes de la pr贸xima solicitud...
2025-02-25 16:27:34,471 - INFO - Descargando datos meteorol贸gicos desde 2016-07-12 hasta 2016-08-11...
2025-02-25 16:27:35,734 - INFO - 744 registros meteorol贸gicos insertados en MongoDB.
2025-02-25 16:27:35,734 - INFO - Esperando 10 segundos antes de la pr贸xima solicitud...
2025-02-25 16:27:45,735 - INFO - Descargando datos meteorol贸gicos desde 2016-08-12 hasta 2016-09-11...
2025-02-25 16:27:46,793 - INFO - 744 registros meteorol贸gicos insertados en MongoDB.
2025-02-25 16:27:46,793 - INFO - Esperando 10 segundos antes de la pr贸xima solicitud...
2025-02-25 16:27:56,794 - INFO - Descargando datos meteorol贸gicos desde 2016-09-12 hasta 2016-10-12...
2025-02-25 16:27:57,938 - INFO - 744 registros meteorol贸gicos insertados en MongoDB.
2025-02-25 16:27:57,938 - INFO - Esperando 10 segundos antes de la pr贸xima solicitud...
2025-02-25 16:28:07,939 - INFO - Descargando datos meteorol贸gicos desde 2016-10-13 hasta 2016-11-12...
2025-02-25 16:28:09,424 - INFO - 744 registros meteorol贸gicos insertados en MongoDB.
2025-02-25 16:28:09,424 - INFO - Esperando 10 segundos antes de la pr贸xima solicitud...
2025-02-25 16:28:19,424 - INFO - Descargando datos meteorol贸gicos desde 2016-11-13 hasta 2016-12-13...
2025-02-25 16:28:20,486 - INFO - 744 registros meteorol贸gicos insertados en MongoDB.
2025-02-25 16:28:20,486 - INFO - Esperando 10 segundos antes de la pr贸xima solicitud...
2025-02-25 16:28:30,487 - INFO - Descargando datos meteorol贸gicos desde 2016-12-14 hasta 2017-01-13...
2025-02-25 16:28:31,858 - INFO - 744 registros meteorol贸gicos insertados en MongoDB.
2025-02-25 16:28:31,858 - INFO - Esperando 10 segundos antes de la pr贸xima solicitud...
2025-02-25 16:28:41,859 - INFO - Descargando datos meteorol贸gicos desde 2017-01-14 hasta 2017-02-13...
2025-02-25 16:28:43,223 - INFO - 744 registros meteorol贸gicos insertados en MongoDB.
2025-02-25 16:28:43,223 - INFO - Esperando 10 segundos antes de la pr贸xima solicitud...
2025-02-25 16:28:53,224 - INFO - Descargando datos meteorol贸gicos desde 2017-02-14 hasta 2017-03-16...
2025-02-25 16:28:54,482 - INFO - 744 registros meteorol贸gicos insertados en MongoDB.
2025-02-25 16:28:54,482 - INFO - Esperando 10 segundos antes de la pr贸xima solicitud...
2025-02-25 16:29:04,483 - INFO - Descargando datos meteorol贸gicos desde 2017-03-17 hasta 2017-04-16...
2025-02-25 16:29:05,916 - INFO - 744 registros meteorol贸gicos insertados en MongoDB.
2025-02-25 16:29:05,916 - INFO - Esperando 10 segundos antes de la pr贸xima solicitud...
2025-02-25 16:29:15,916 - INFO - Descargando datos meteorol贸gicos desde 2017-04-17 hasta 2017-05-17...
2025-02-25 16:29:16,902 - INFO - 744 registros meteorol贸gicos insertados en MongoDB.
2025-02-25 16:29:16,902 - INFO - Esperando 10 segundos antes de la pr贸xima solicitud...
2025-02-25 16:29:26,902 - INFO - Descargando datos meteorol贸gicos desde 2017-05-18 hasta 2017-06-17...
2025-02-25 16:29:28,463 - INFO - 744 registros meteorol贸gicos insertados en MongoDB.
2025-02-25 16:29:28,463 - INFO - Esperando 10 segundos antes de la pr贸xima solicitud...
2025-02-25 16:29:38,464 - INFO - Descargando datos meteorol贸gicos desde 2017-06-18 hasta 2017-07-18...
2025-02-25 16:29:39,436 - INFO - 744 registros meteorol贸gicos insertados en MongoDB.
2025-02-25 16:29:39,437 - INFO - Esperando 10 segundos antes de la pr贸xima solicitud...
2025-02-25 16:29:49,438 - INFO - Descargando datos meteorol贸gicos desde 2017-07-19 hasta 2017-08-18...
2025-02-25 16:29:49,699 - INFO - 744 registros meteorol贸gicos insertados en MongoDB.
2025-02-25 16:29:49,699 - INFO - Esperando 10 segundos antes de la pr贸xima solicitud...
2025-02-25 16:29:59,699 - INFO - Descargando datos meteorol贸gicos desde 2017-08-19 hasta 2017-09-18...
2025-02-25 16:29:59,944 - INFO - 744 registros meteorol贸gicos insertados en MongoDB.
2025-02-25 16:29:59,944 - INFO - Esperando 10 segundos antes de la pr贸xima solicitud...
2025-02-25 16:30:09,945 - INFO - Descargando datos meteorol贸gicos desde 2017-09-19 hasta 2017-10-19...
2025-02-25 16:30:11,276 - INFO - 744 registros meteorol贸gicos insertados en MongoDB.
2025-02-25 16:30:11,276 - INFO - Esperando 10 segundos antes de la pr贸xima solicitud...
2025-02-25 16:30:21,276 - INFO - Descargando datos meteorol贸gicos desde 2017-10-20 hasta 2017-11-19...
2025-02-25 16:30:22,070 - INFO - 744 registros meteorol贸gicos insertados en MongoDB.
2025-02-25 16:30:22,070 - INFO - Esperando 10 segundos antes de la pr贸xima solicitud...
2025-02-25 16:30:32,071 - INFO - Descargando datos meteorol贸gicos desde 2017-11-20 hasta 2017-12-20...
2025-02-25 16:30:33,301 - INFO - 744 registros meteorol贸gicos insertados en MongoDB.
2025-02-25 16:30:33,301 - INFO - Esperando 10 segundos antes de la pr贸xima solicitud...
2025-02-25 16:30:43,302 - INFO - Descargando datos meteorol贸gicos desde 2017-12-21 hasta 2018-01-20...
2025-02-25 16:30:44,038 - INFO - 744 registros meteorol贸gicos insertados en MongoDB.
2025-02-25 16:30:44,038 - INFO - Esperando 10 segundos antes de la pr贸xima solicitud...
2025-02-25 16:30:54,038 - INFO - Descargando datos meteorol贸gicos desde 2018-01-21 hasta 2018-02-20...
2025-02-25 16:30:56,444 - INFO - 744 registros meteorol贸gicos insertados en MongoDB.
2025-02-25 16:30:56,444 - INFO - Esperando 10 segundos antes de la pr贸xima solicitud...
2025-02-25 16:31:06,444 - INFO - Descargando datos meteorol贸gicos desde 2018-02-21 hasta 2018-03-23...
2025-02-25 16:31:07,699 - INFO - 744 registros meteorol贸gicos insertados en MongoDB.
2025-02-25 16:31:07,699 - INFO - Esperando 10 segundos antes de la pr贸xima solicitud...
2025-02-25 16:31:17,700 - INFO - Descargando datos meteorol贸gicos desde 2018-03-24 hasta 2018-04-23...
2025-02-25 16:31:18,445 - INFO - 744 registros meteorol贸gicos insertados en MongoDB.
2025-02-25 16:31:18,445 - INFO - Esperando 10 segundos antes de la pr贸xima solicitud...
2025-02-25 16:31:28,446 - INFO - Descargando datos meteorol贸gicos desde 2018-04-24 hasta 2018-05-24...
2025-02-25 16:31:29,265 - INFO - 744 registros meteorol贸gicos insertados en MongoDB.
2025-02-25 16:31:29,265 - INFO - Esperando 10 segundos antes de la pr贸xima solicitud...
2025-02-25 16:31:39,266 - INFO - Descargando datos meteorol贸gicos desde 2018-05-25 hasta 2018-06-24...
2025-02-25 16:31:40,477 - INFO - 744 registros meteorol贸gicos insertados en MongoDB.
2025-02-25 16:31:40,477 - INFO - Esperando 10 segundos antes de la pr贸xima solicitud...
2025-02-25 16:31:50,478 - INFO - Descargando datos meteorol贸gicos desde 2018-06-25 hasta 2018-07-25...
2025-02-25 16:31:51,749 - INFO - 744 registros meteorol贸gicos insertados en MongoDB.
2025-02-25 16:31:51,750 - INFO - Esperando 10 segundos antes de la pr贸xima solicitud...
2025-02-25 16:32:01,750 - INFO - Descargando datos meteorol贸gicos desde 2018-07-26 hasta 2018-08-25...
2025-02-25 16:32:03,131 - INFO - 744 registros meteorol贸gicos insertados en MongoDB.
2025-02-25 16:32:03,160 - INFO - Esperando 10 segundos antes de la pr贸xima solicitud...
2025-02-25 16:32:13,160 - INFO - Descargando datos meteorol贸gicos desde 2018-08-26 hasta 2018-09-25...
2025-02-25 16:32:14,474 - INFO - 744 registros meteorol贸gicos insertados en MongoDB.
2025-02-25 16:32:14,474 - INFO - Esperando 10 segundos antes de la pr贸xima solicitud...
2025-02-25 16:32:24,475 - INFO - Descargando datos meteorol贸gicos desde 2018-09-26 hasta 2018-10-26...
2025-02-25 16:32:25,619 - INFO - 744 registros meteorol贸gicos insertados en MongoDB.
2025-02-25 16:32:25,620 - INFO - Esperando 10 segundos antes de la pr贸xima solicitud...
2025-02-25 16:32:35,620 - INFO - Descargando datos meteorol贸gicos desde 2018-10-27 hasta 2018-11-26...
2025-02-25 16:32:36,362 - INFO - 744 registros meteorol贸gicos insertados en MongoDB.
2025-02-25 16:32:36,362 - INFO - Esperando 10 segundos antes de la pr贸xima solicitud...
2025-02-25 16:32:46,363 - INFO - Descargando datos meteorol贸gicos desde 2018-11-27 hasta 2018-12-27...
2025-02-25 16:32:47,026 - INFO - 744 registros meteorol贸gicos insertados en MongoDB.
2025-02-25 16:32:47,026 - INFO - Esperando 10 segundos antes de la pr贸xima solicitud...
2025-02-25 16:32:57,026 - INFO - Descargando datos meteorol贸gicos desde 2018-12-28 hasta 2019-01-27...
2025-02-25 16:32:58,200 - INFO - 744 registros meteorol贸gicos insertados en MongoDB.
2025-02-25 16:32:58,200 - INFO - Esperando 10 segundos antes de la pr贸xima solicitud...
2025-02-25 16:33:08,201 - INFO - Descargando datos meteorol贸gicos desde 2019-01-28 hasta 2019-02-27...
2025-02-25 16:33:09,567 - INFO - 744 registros meteorol贸gicos insertados en MongoDB.
2025-02-25 16:33:09,568 - INFO - Esperando 10 segundos antes de la pr贸xima solicitud...
2025-02-25 16:33:19,568 - INFO - Descargando datos meteorol贸gicos desde 2019-02-28 hasta 2019-03-30...
2025-02-25 16:33:19,853 - INFO - 744 registros meteorol贸gicos insertados en MongoDB.
2025-02-25 16:33:19,853 - INFO - Esperando 10 segundos antes de la pr贸xima solicitud...
2025-02-25 16:33:29,853 - INFO - Descargando datos meteorol贸gicos desde 2019-03-31 hasta 2019-04-30...
2025-02-25 16:33:30,135 - INFO - 744 registros meteorol贸gicos insertados en MongoDB.
2025-02-25 16:33:30,135 - INFO - Esperando 10 segundos antes de la pr贸xima solicitud...
2025-02-25 16:33:40,136 - INFO - Descargando datos meteorol贸gicos desde 2019-05-01 hasta 2019-05-31...
2025-02-25 16:33:41,416 - INFO - 744 registros meteorol贸gicos insertados en MongoDB.
2025-02-25 16:33:41,416 - INFO - Esperando 10 segundos antes de la pr贸xima solicitud...
2025-02-25 16:33:51,416 - INFO - Descargando datos meteorol贸gicos desde 2019-06-01 hasta 2019-07-01...
2025-02-25 16:33:52,020 - INFO - 744 registros meteorol贸gicos insertados en MongoDB.
2025-02-25 16:33:52,020 - INFO - Esperando 10 segundos antes de la pr贸xima solicitud...
2025-02-25 16:34:02,020 - INFO - Descargando datos meteorol贸gicos desde 2019-07-02 hasta 2019-08-01...
2025-02-25 16:34:03,022 - INFO - 744 registros meteorol贸gicos insertados en MongoDB.
2025-02-25 16:34:03,022 - INFO - Esperando 10 segundos antes de la pr贸xima solicitud...
2025-02-25 16:34:13,022 - INFO - Descargando datos meteorol贸gicos desde 2019-08-02 hasta 2019-09-01...
2025-02-25 16:34:14,493 - INFO - 744 registros meteorol贸gicos insertados en MongoDB.
2025-02-25 16:34:14,493 - INFO - Esperando 10 segundos antes de la pr贸xima solicitud...
2025-02-25 16:34:24,494 - INFO - Descargando datos meteorol贸gicos desde 2019-09-02 hasta 2019-10-02...
2025-02-25 16:34:26,767 - INFO - 744 registros meteorol贸gicos insertados en MongoDB.
2025-02-25 16:34:26,767 - INFO - Esperando 10 segundos antes de la pr贸xima solicitud...
2025-02-25 16:34:36,767 - INFO - Descargando datos meteorol贸gicos desde 2019-10-03 hasta 2019-11-02...
2025-02-25 16:34:37,430 - INFO - 744 registros meteorol贸gicos insertados en MongoDB.
2025-02-25 16:34:37,430 - INFO - Esperando 10 segundos antes de la pr贸xima solicitud...
2025-02-25 16:34:47,430 - INFO - Descargando datos meteorol贸gicos desde 2019-11-03 hasta 2019-12-03...
2025-02-25 16:34:48,820 - INFO - 744 registros meteorol贸gicos insertados en MongoDB.
2025-02-25 16:34:48,821 - INFO - Esperando 10 segundos antes de la pr贸xima solicitud...
2025-02-25 16:34:58,821 - INFO - Descargando datos meteorol贸gicos desde 2019-12-04 hasta 2020-01-03...
2025-02-25 16:35:00,154 - INFO - 744 registros meteorol贸gicos insertados en MongoDB.
2025-02-25 16:35:00,154 - INFO - Esperando 10 segundos antes de la pr贸xima solicitud...
2025-02-25 16:35:10,155 - INFO - Descargando datos meteorol贸gicos desde 2020-01-04 hasta 2020-02-03...
2025-02-25 16:35:11,729 - INFO - 744 registros meteorol贸gicos insertados en MongoDB.
2025-02-25 16:35:11,730 - INFO - Esperando 10 segundos antes de la pr贸xima solicitud...
2025-02-25 16:35:21,730 - INFO - Descargando datos meteorol贸gicos desde 2020-02-04 hasta 2020-03-05...
2025-02-25 16:35:22,778 - INFO - 744 registros meteorol贸gicos insertados en MongoDB.
2025-02-25 16:35:22,778 - INFO - Esperando 10 segundos antes de la pr贸xima solicitud...
2025-02-25 16:35:32,778 - INFO - Descargando datos meteorol贸gicos desde 2020-03-06 hasta 2020-04-05...
2025-02-25 16:35:33,896 - INFO - 744 registros meteorol贸gicos insertados en MongoDB.
2025-02-25 16:35:33,896 - INFO - Esperando 10 segundos antes de la pr贸xima solicitud...
2025-02-25 16:35:43,897 - INFO - Descargando datos meteorol贸gicos desde 2020-04-06 hasta 2020-05-06...
2025-02-25 16:35:45,214 - INFO - 744 registros meteorol贸gicos insertados en MongoDB.
2025-02-25 16:35:45,215 - INFO - Esperando 10 segundos antes de la pr贸xima solicitud...
2025-02-25 16:35:55,215 - INFO - Descargando datos meteorol贸gicos desde 2020-05-07 hasta 2020-06-06...
2025-02-25 16:35:56,172 - INFO - 744 registros meteorol贸gicos insertados en MongoDB.
2025-02-25 16:35:56,172 - INFO - Esperando 10 segundos antes de la pr贸xima solicitud...
2025-02-25 16:36:06,172 - INFO - Descargando datos meteorol贸gicos desde 2020-06-07 hasta 2020-07-07...
2025-02-25 16:36:07,116 - INFO - 744 registros meteorol贸gicos insertados en MongoDB.
2025-02-25 16:36:07,117 - INFO - Esperando 10 segundos antes de la pr贸xima solicitud...
2025-02-25 16:36:17,117 - INFO - Descargando datos meteorol贸gicos desde 2020-07-08 hasta 2020-08-07...
2025-02-25 16:36:18,397 - INFO - 744 registros meteorol贸gicos insertados en MongoDB.
2025-02-25 16:36:18,398 - INFO - Esperando 10 segundos antes de la pr贸xima solicitud...
2025-02-25 16:36:28,398 - INFO - Descargando datos meteorol贸gicos desde 2020-08-08 hasta 2020-09-07...
2025-02-25 16:36:30,267 - INFO - 744 registros meteorol贸gicos insertados en MongoDB.
2025-02-25 16:36:30,267 - INFO - Esperando 10 segundos antes de la pr贸xima solicitud...
2025-02-25 16:36:40,267 - INFO - Descargando datos meteorol贸gicos desde 2020-09-08 hasta 2020-10-08...
2025-02-25 16:36:41,543 - INFO - 744 registros meteorol贸gicos insertados en MongoDB.
2025-02-25 16:36:41,543 - INFO - Esperando 10 segundos antes de la pr贸xima solicitud...
2025-02-25 16:36:51,543 - INFO - Descargando datos meteorol贸gicos desde 2020-10-09 hasta 2020-11-08...
2025-02-25 16:36:52,164 - INFO - 744 registros meteorol贸gicos insertados en MongoDB.
2025-02-25 16:36:52,164 - INFO - Esperando 10 segundos antes de la pr贸xima solicitud...
2025-02-25 16:37:02,164 - INFO - Descargando datos meteorol贸gicos desde 2020-11-09 hasta 2020-12-09...
2025-02-25 16:37:03,450 - INFO - 744 registros meteorol贸gicos insertados en MongoDB.
2025-02-25 16:37:03,450 - INFO - Esperando 10 segundos antes de la pr贸xima solicitud...
2025-02-25 16:37:13,451 - INFO - Descargando datos meteorol贸gicos desde 2020-12-10 hasta 2021-01-09...
2025-02-25 16:37:14,229 - INFO - 744 registros meteorol贸gicos insertados en MongoDB.
2025-02-25 16:37:14,230 - INFO - Esperando 10 segundos antes de la pr贸xima solicitud...
2025-02-25 16:37:24,230 - INFO - Descargando datos meteorol贸gicos desde 2021-01-10 hasta 2021-02-09...
2025-02-25 16:37:26,490 - INFO - 744 registros meteorol贸gicos insertados en MongoDB.
2025-02-25 16:37:26,491 - INFO - Esperando 10 segundos antes de la pr贸xima solicitud...
2025-02-25 16:37:36,491 - INFO - Descargando datos meteorol贸gicos desde 2021-02-10 hasta 2021-03-12...
2025-02-25 16:37:36,746 - INFO - 744 registros meteorol贸gicos insertados en MongoDB.
2025-02-25 16:37:36,747 - INFO - Esperando 10 segundos antes de la pr贸xima solicitud...
2025-02-25 16:37:46,747 - INFO - Descargando datos meteorol贸gicos desde 2021-03-13 hasta 2021-04-12...
2025-02-25 16:37:47,891 - INFO - 744 registros meteorol贸gicos insertados en MongoDB.
2025-02-25 16:37:47,891 - INFO - Esperando 10 segundos antes de la pr贸xima solicitud...
2025-02-25 16:37:57,892 - INFO - Descargando datos meteorol贸gicos desde 2021-04-13 hasta 2021-05-13...
2025-02-25 16:37:59,659 - INFO - 744 registros meteorol贸gicos insertados en MongoDB.
2025-02-25 16:37:59,659 - INFO - Esperando 10 segundos antes de la pr贸xima solicitud...
2025-02-25 16:38:09,659 - INFO - Descargando datos meteorol贸gicos desde 2021-05-14 hasta 2021-06-13...
2025-02-25 16:38:10,223 - INFO - 744 registros meteorol贸gicos insertados en MongoDB.
2025-02-25 16:38:10,223 - INFO - Esperando 10 segundos antes de la pr贸xima solicitud...
2025-02-25 16:38:20,224 - INFO - Descargando datos meteorol贸gicos desde 2021-06-14 hasta 2021-07-14...
2025-02-25 16:38:21,685 - INFO - 744 registros meteorol贸gicos insertados en MongoDB.
2025-02-25 16:38:21,685 - INFO - Esperando 10 segundos antes de la pr贸xima solicitud...
2025-02-25 16:38:31,686 - INFO - Descargando datos meteorol贸gicos desde 2021-07-15 hasta 2021-08-14...
2025-02-25 16:38:32,736 - INFO - 744 registros meteorol贸gicos insertados en MongoDB.
2025-02-25 16:38:32,736 - INFO - Esperando 10 segundos antes de la pr贸xima solicitud...
2025-02-25 16:38:42,736 - INFO - Descargando datos meteorol贸gicos desde 2021-08-15 hasta 2021-09-14...
2025-02-25 16:38:43,929 - INFO - 744 registros meteorol贸gicos insertados en MongoDB.
2025-02-25 16:38:43,929 - INFO - Esperando 10 segundos antes de la pr贸xima solicitud...
2025-02-25 16:38:53,930 - INFO - Descargando datos meteorol贸gicos desde 2021-09-15 hasta 2021-10-15...
2025-02-25 16:38:55,064 - INFO - 744 registros meteorol贸gicos insertados en MongoDB.
2025-02-25 16:38:55,064 - INFO - Esperando 10 segundos antes de la pr贸xima solicitud...
2025-02-25 16:39:05,065 - INFO - Descargando datos meteorol贸gicos desde 2021-10-16 hasta 2021-11-15...
2025-02-25 16:39:06,119 - INFO - 744 registros meteorol贸gicos insertados en MongoDB.
2025-02-25 16:39:06,119 - INFO - Esperando 10 segundos antes de la pr贸xima solicitud...
2025-02-25 16:39:16,120 - INFO - Descargando datos meteorol贸gicos desde 2021-11-16 hasta 2021-12-16...
2025-02-25 16:39:17,707 - INFO - 744 registros meteorol贸gicos insertados en MongoDB.
2025-02-25 16:39:17,708 - INFO - Esperando 10 segundos antes de la pr贸xima solicitud...
2025-02-25 16:39:27,708 - INFO - Descargando datos meteorol贸gicos desde 2021-12-17 hasta 2022-01-16...
2025-02-25 16:39:28,433 - INFO - 744 registros meteorol贸gicos insertados en MongoDB.
2025-02-25 16:39:28,433 - INFO - Esperando 10 segundos antes de la pr贸xima solicitud...
2025-02-25 16:39:38,433 - INFO - Descargando datos meteorol贸gicos desde 2022-01-17 hasta 2022-02-16...
2025-02-25 16:39:39,733 - INFO - 744 registros meteorol贸gicos insertados en MongoDB.
2025-02-25 16:39:39,734 - INFO - Esperando 10 segundos antes de la pr贸xima solicitud...
2025-02-25 16:39:49,734 - INFO - Descargando datos meteorol贸gicos desde 2022-02-17 hasta 2022-03-19...
2025-02-25 16:39:51,285 - INFO - 744 registros meteorol贸gicos insertados en MongoDB.
2025-02-25 16:39:51,285 - INFO - Esperando 10 segundos antes de la pr贸xima solicitud...
2025-02-25 16:40:01,285 - INFO - Descargando datos meteorol贸gicos desde 2022-03-20 hasta 2022-04-19...
2025-02-25 16:40:02,562 - INFO - 744 registros meteorol贸gicos insertados en MongoDB.
2025-02-25 16:40:02,562 - INFO - Esperando 10 segundos antes de la pr贸xima solicitud...
2025-02-25 16:40:12,562 - INFO - Descargando datos meteorol贸gicos desde 2022-04-20 hasta 2022-05-20...
2025-02-25 16:40:13,898 - INFO - 744 registros meteorol贸gicos insertados en MongoDB.
2025-02-25 16:40:13,898 - INFO - Esperando 10 segundos antes de la pr贸xima solicitud...
2025-02-25 16:40:23,899 - INFO - Descargando datos meteorol贸gicos desde 2022-05-21 hasta 2022-06-20...
2025-02-25 16:40:25,069 - INFO - 744 registros meteorol贸gicos insertados en MongoDB.
2025-02-25 16:40:25,069 - INFO - Esperando 10 segundos antes de la pr贸xima solicitud...
2025-02-25 16:40:35,070 - INFO - Descargando datos meteorol贸gicos desde 2022-06-21 hasta 2022-07-21...
2025-02-25 16:40:36,247 - INFO - 744 registros meteorol贸gicos insertados en MongoDB.
2025-02-25 16:40:36,247 - INFO - Esperando 10 segundos antes de la pr贸xima solicitud...
2025-02-25 16:40:46,248 - INFO - Descargando datos meteorol贸gicos desde 2022-07-22 hasta 2022-08-21...
2025-02-25 16:40:47,398 - INFO - 744 registros meteorol贸gicos insertados en MongoDB.
2025-02-25 16:40:47,399 - INFO - Esperando 10 segundos antes de la pr贸xima solicitud...
2025-02-25 16:40:57,399 - INFO - Descargando datos meteorol贸gicos desde 2022-08-22 hasta 2022-09-21...
2025-02-25 16:40:58,457 - INFO - 744 registros meteorol贸gicos insertados en MongoDB.
2025-02-25 16:40:58,457 - INFO - Esperando 10 segundos antes de la pr贸xima solicitud...
2025-02-25 16:41:08,459 - INFO - Descargando datos meteorol贸gicos desde 2022-09-22 hasta 2022-10-22...
2025-02-25 16:41:09,727 - INFO - 744 registros meteorol贸gicos insertados en MongoDB.
2025-02-25 16:41:09,727 - INFO - Esperando 10 segundos antes de la pr贸xima solicitud...
2025-02-25 16:41:19,729 - INFO - Descargando datos meteorol贸gicos desde 2022-10-23 hasta 2022-11-22...
2025-02-25 16:41:20,475 - INFO - 744 registros meteorol贸gicos insertados en MongoDB.
2025-02-25 16:41:20,475 - INFO - Esperando 10 segundos antes de la pr贸xima solicitud...
2025-02-25 16:41:30,476 - INFO - Descargando datos meteorol贸gicos desde 2022-11-23 hasta 2022-12-23...
2025-02-25 16:41:33,077 - INFO - 744 registros meteorol贸gicos insertados en MongoDB.
2025-02-25 16:41:33,077 - INFO - Esperando 10 segundos antes de la pr贸xima solicitud...
2025-02-25 16:41:43,078 - INFO - Descargando datos meteorol贸gicos desde 2022-12-24 hasta 2023-01-23...
2025-02-25 16:41:44,420 - INFO - 744 registros meteorol贸gicos insertados en MongoDB.
2025-02-25 16:41:44,421 - INFO - Esperando 10 segundos antes de la pr贸xima solicitud...
2025-02-25 16:41:54,422 - INFO - Descargando datos meteorol贸gicos desde 2023-01-24 hasta 2023-02-23...
2025-02-25 16:41:55,718 - INFO - 744 registros meteorol贸gicos insertados en MongoDB.
2025-02-25 16:41:55,718 - INFO - Esperando 10 segundos antes de la pr贸xima solicitud...
2025-02-25 16:42:05,719 - INFO - Descargando datos meteorol贸gicos desde 2023-02-24 hasta 2023-03-26...
2025-02-25 16:42:07,148 - INFO - 744 registros meteorol贸gicos insertados en MongoDB.
2025-02-25 16:42:07,148 - INFO - Esperando 10 segundos antes de la pr贸xima solicitud...
2025-02-25 16:42:17,149 - INFO - Descargando datos meteorol贸gicos desde 2023-03-27 hasta 2023-04-26...
2025-02-25 16:42:18,533 - INFO - 744 registros meteorol贸gicos insertados en MongoDB.
2025-02-25 16:42:18,533 - INFO - Esperando 10 segundos antes de la pr贸xima solicitud...
2025-02-25 16:42:28,534 - INFO - Descargando datos meteorol贸gicos desde 2023-04-27 hasta 2023-05-27...
2025-02-25 16:42:29,893 - INFO - 744 registros meteorol贸gicos insertados en MongoDB.
2025-02-25 16:42:29,894 - INFO - Esperando 10 segundos antes de la pr贸xima solicitud...
2025-02-25 16:42:39,894 - INFO - Descargando datos meteorol贸gicos desde 2023-05-28 hasta 2023-06-27...
2025-02-25 16:42:41,049 - INFO - 744 registros meteorol贸gicos insertados en MongoDB.
2025-02-25 16:42:41,049 - INFO - Esperando 10 segundos antes de la pr贸xima solicitud...
2025-02-25 16:42:51,050 - INFO - Descargando datos meteorol贸gicos desde 2023-06-28 hasta 2023-07-28...
2025-02-25 16:42:52,221 - INFO - 744 registros meteorol贸gicos insertados en MongoDB.
2025-02-25 16:42:52,221 - INFO - Esperando 10 segundos antes de la pr贸xima solicitud...
2025-02-25 16:43:02,221 - INFO - Descargando datos meteorol贸gicos desde 2023-07-29 hasta 2023-08-28...
2025-02-25 16:43:03,586 - INFO - 744 registros meteorol贸gicos insertados en MongoDB.
2025-02-25 16:43:03,586 - INFO - Esperando 10 segundos antes de la pr贸xima solicitud...
2025-02-25 16:43:13,586 - INFO - Descargando datos meteorol贸gicos desde 2023-08-29 hasta 2023-09-28...
2025-02-25 16:43:14,638 - INFO - 744 registros meteorol贸gicos insertados en MongoDB.
2025-02-25 16:43:14,639 - INFO - Esperando 10 segundos antes de la pr贸xima solicitud...
2025-02-25 16:43:24,639 - INFO - Descargando datos meteorol贸gicos desde 2023-09-29 hasta 2023-10-29...
2025-02-25 16:43:25,806 - INFO - 744 registros meteorol贸gicos insertados en MongoDB.
2025-02-25 16:43:25,806 - INFO - Esperando 10 segundos antes de la pr贸xima solicitud...
2025-02-25 16:43:35,807 - INFO - Descargando datos meteorol贸gicos desde 2023-10-30 hasta 2023-11-29...
2025-02-25 16:43:37,370 - INFO - 744 registros meteorol贸gicos insertados en MongoDB.
2025-02-25 16:43:37,370 - INFO - Esperando 10 segundos antes de la pr贸xima solicitud...
2025-02-25 16:43:47,370 - INFO - Descargando datos meteorol贸gicos desde 2023-11-30 hasta 2023-12-30...
2025-02-25 16:43:48,843 - INFO - 744 registros meteorol贸gicos insertados en MongoDB.
2025-02-25 16:43:48,844 - INFO - Esperando 10 segundos antes de la pr贸xima solicitud...
2025-02-25 16:43:58,844 - INFO - Descargando datos meteorol贸gicos desde 2023-12-31 hasta 2024-01-30...
2025-02-25 16:44:00,196 - INFO - 744 registros meteorol贸gicos insertados en MongoDB.
2025-02-25 16:44:00,196 - INFO - Esperando 10 segundos antes de la pr贸xima solicitud...
2025-02-25 16:44:10,197 - INFO - Descargando datos meteorol贸gicos desde 2024-01-31 hasta 2024-03-01...
2025-02-25 16:44:11,473 - INFO - 744 registros meteorol贸gicos insertados en MongoDB.
2025-02-25 16:44:11,474 - INFO - Esperando 10 segundos antes de la pr贸xima solicitud...
2025-02-25 16:44:21,474 - INFO - Descargando datos meteorol贸gicos desde 2024-03-02 hasta 2024-04-01...
2025-02-25 16:44:22,940 - INFO - 744 registros meteorol贸gicos insertados en MongoDB.
2025-02-25 16:44:22,940 - INFO - Esperando 10 segundos antes de la pr贸xima solicitud...
2025-02-25 16:44:32,942 - INFO - Descargando datos meteorol贸gicos desde 2024-04-02 hasta 2024-05-02...
2025-02-25 16:44:33,928 - INFO - 744 registros meteorol贸gicos insertados en MongoDB.
2025-02-25 16:44:33,929 - INFO - Esperando 10 segundos antes de la pr贸xima solicitud...
2025-02-25 16:44:43,929 - INFO - Descargando datos meteorol贸gicos desde 2024-05-03 hasta 2024-06-02...
2025-02-25 16:44:45,284 - INFO - 744 registros meteorol贸gicos insertados en MongoDB.
2025-02-25 16:44:45,284 - INFO - Esperando 10 segundos antes de la pr贸xima solicitud...
2025-02-25 16:44:55,285 - INFO - Descargando datos meteorol贸gicos desde 2024-06-03 hasta 2024-07-03...
2025-02-25 16:44:56,526 - INFO - 744 registros meteorol贸gicos insertados en MongoDB.
2025-02-25 16:44:56,526 - INFO - Esperando 10 segundos antes de la pr贸xima solicitud...
2025-02-25 16:45:06,528 - INFO - Descargando datos meteorol贸gicos desde 2024-07-04 hasta 2024-08-03...
2025-02-25 16:45:07,914 - INFO - 744 registros meteorol贸gicos insertados en MongoDB.
2025-02-25 16:45:07,914 - INFO - Esperando 10 segundos antes de la pr贸xima solicitud...
2025-02-25 16:45:17,915 - INFO - Descargando datos meteorol贸gicos desde 2024-08-04 hasta 2024-09-03...
2025-02-25 16:45:19,260 - INFO - 744 registros meteorol贸gicos insertados en MongoDB.
2025-02-25 16:45:19,261 - INFO - Esperando 10 segundos antes de la pr贸xima solicitud...
2025-02-25 16:45:29,262 - INFO - Descargando datos meteorol贸gicos desde 2024-09-04 hasta 2024-10-04...
2025-02-25 16:45:30,531 - INFO - 744 registros meteorol贸gicos insertados en MongoDB.
2025-02-25 16:45:30,531 - INFO - Esperando 10 segundos antes de la pr贸xima solicitud...
2025-02-25 16:45:40,532 - INFO - Descargando datos meteorol贸gicos desde 2024-10-05 hasta 2024-11-04...
2025-02-25 16:45:41,889 - INFO - 744 registros meteorol贸gicos insertados en MongoDB.
2025-02-25 16:45:41,889 - INFO - Esperando 10 segundos antes de la pr贸xima solicitud...
2025-02-25 16:45:51,890 - INFO - Descargando datos meteorol贸gicos desde 2024-11-05 hasta 2024-12-05...
2025-02-25 16:45:53,663 - INFO - 744 registros meteorol贸gicos insertados en MongoDB.
2025-02-25 16:45:53,664 - INFO - Esperando 10 segundos antes de la pr贸xima solicitud...
2025-02-25 16:46:03,665 - INFO - Descargando datos meteorol贸gicos desde 2024-12-06 hasta 2025-01-05...
2025-02-25 16:46:04,695 - INFO - 744 registros meteorol贸gicos insertados en MongoDB.
2025-02-25 16:46:04,695 - INFO - Esperando 10 segundos antes de la pr贸xima solicitud...
2025-02-25 16:46:14,695 - INFO - Descargando datos meteorol贸gicos desde 2025-01-06 hasta 2025-02-05...
2025-02-25 16:46:15,881 - INFO - 744 registros meteorol贸gicos insertados en MongoDB.
2025-02-25 16:46:15,881 - INFO - Esperando 10 segundos antes de la pr贸xima solicitud...
2025-02-25 16:46:25,881 - INFO - Descargando datos meteorol贸gicos desde 2025-02-06 hasta 2025-02-25...
2025-02-25 16:46:27,148 - INFO - 480 registros meteorol贸gicos insertados en MongoDB.
2025-02-25 16:46:27,148 - INFO - Esperando 10 segundos antes de la pr贸xima solicitud...
2025-02-25 16:46:37,149 - INFO - Descarga hist贸rica completada.
2025-02-25 19:24:59,062 - INFO - Descargando datos meteorol贸gicos diarios...
2025-02-25 19:25:00,872 - INFO - 24 registros meteorol贸gicos insertados en MongoDB.
2025-02-25 19:25:00,873 - INFO - Descarga diaria completada.
2025-02-25 19:25:06,821 - INFO - Descargando datos meteorol贸gicos diarios...
2025-02-25 19:25:07,934 - INFO - 24 registros meteorol贸gicos insertados en MongoDB.
2025-02-25 19:25:07,935 - INFO - Descarga diaria completada.
2025-02-25 19:28:47,945 - INFO -  Descargando datos meteorol贸gicos diarios...
2025-02-25 19:28:49,879 - INFO - 锔 No se insertaron datos. Todos los registros ya exist铆an.
2025-02-25 19:28:49,879 - INFO -  Descarga diaria completada.
